----------------------------------------------------------------
Sun Dec 07 12:39:45 CST 2025:
Booting Derby version The Apache Software Foundation - Apache Derby - 10.14.2.0 - (1828579): instance a816c00e-019a-f71b-ccd1-0000025d2cf8 
on database directory C:\Users\cyt\Desktop\HotelBookingSystem\database\hotel_booking_db with class loader jdk.internal.loader.ClassLoaders$AppClassLoader@7a81197d 
Loaded from file:/C:/Users/cyt/.m2/repository/org/apache/derby/derby/10.14.2.0/derby-10.14.2.0.jar
java.vendor=Oracle Corporation
java.runtime.version=21.0.7+8-LTS-245
user.dir=C:\Users\cyt\Desktop\HotelBookingSystem
os.name=Windows 10
os.arch=amd64
os.version=10.0
derby.system.home=null
Database Class Loader started - derby.database.classpath=''
----------------------------------------------------------------
Sun Dec 07 12:40:01 CST 2025:
Booting Derby version The Apache Software Foundation - Apache Derby - 10.14.2.0 - (1828579): instance 8f3a8bc5-019a-f71b-ccd1-0000025d2cf8 
on database directory memory:C:\Users\cyt\Desktop\HotelBookingSystem\init_test_db with class loader jdk.internal.loader.ClassLoaders$AppClassLoader@7a81197d 
Loaded from file:/C:/Users/cyt/.m2/repository/org/apache/derby/derby/10.14.2.0/derby-10.14.2.0.jar
java.vendor=Oracle Corporation
java.runtime.version=21.0.7+8-LTS-245
user.dir=C:\Users\cyt\Desktop\HotelBookingSystem
os.name=Windows 10
os.arch=amd64
os.version=10.0
derby.system.home=null
Database Class Loader started - derby.database.classpath=''
----------------------------------------------------------------
Sun Dec 07 12:40:01 CST 2025:
Booting Derby version The Apache Software Foundation - Apache Derby - 10.14.2.0 - (1828579): instance 7a5e4caf-019a-f71b-ccd1-0000025d2cf8 
on database directory memory:C:\Users\cyt\Desktop\HotelBookingSystem\direct_test with class loader jdk.internal.loader.ClassLoaders$AppClassLoader@7a81197d 
Loaded from file:/C:/Users/cyt/.m2/repository/org/apache/derby/derby/10.14.2.0/derby-10.14.2.0.jar
java.vendor=Oracle Corporation
java.runtime.version=21.0.7+8-LTS-245
user.dir=C:\Users\cyt\Desktop\HotelBookingSystem
os.name=Windows 10
os.arch=amd64
os.version=10.0
derby.system.home=null
Database Class Loader started - derby.database.classpath=''
----------------------------------------------------------------
Sun Dec 07 12:40:02 CST 2025:
Booting Derby version The Apache Software Foundation - Apache Derby - 10.14.2.0 - (1828579): instance 2e050de9-019a-f71b-ccd1-0000025d2cf8 
on database directory memory:C:\Users\cyt\Desktop\HotelBookingSystem\simple_test with class loader jdk.internal.loader.ClassLoaders$AppClassLoader@7a81197d 
Loaded from file:/C:/Users/cyt/.m2/repository/org/apache/derby/derby/10.14.2.0/derby-10.14.2.0.jar
java.vendor=Oracle Corporation
java.runtime.version=21.0.7+8-LTS-245
user.dir=C:\Users\cyt\Desktop\HotelBookingSystem
os.name=Windows 10
os.arch=amd64
os.version=10.0
derby.system.home=null
Database Class Loader started - derby.database.classpath=''
